[22:04:41.002] Global cache location '/home/troels/.cache/typescript/4.7', safe file path '/home/troels/.emacs.d/.cache/lsp/npm/typescript/lib/node_modules/typescript/lib/typingSafeList.json', types map path /home/troels/.emacs.d/.cache/lsp/npm/typescript/lib/node_modules/typescript/lib/typesMap.json
[22:04:41.002] Processing cache location '/home/troels/.cache/typescript/4.7'
[22:04:41.003] Trying to find '/home/troels/.cache/typescript/4.7/package.json'...
[22:04:41.003] Loaded content of '/home/troels/.cache/typescript/4.7/package.json': {"private":true,"dependencies":{"types-registry":"^0.1.629"}}
[22:04:41.003] Loaded content of '/home/troels/.cache/typescript/4.7/package-lock.json'
[22:04:41.003] Finished processing cache location '/home/troels/.cache/typescript/4.7'
[22:04:41.004] Process id: 33217
[22:04:41.004] NPM location: /usr/bin/npm (explicit '--npmLocation' not  provided)
[22:04:41.004] validateDefaultNpmLocation: false
[22:04:41.004] Npm config file: /home/troels/.cache/typescript/4.7/package.json
[22:04:41.004] Updating types-registry npm package...
[22:04:41.004] Exec: /usr/bin/npm install --ignore-scripts types-registry@latest
[22:04:42.045]     Succeeded. stdout:
    
    up to date, audited 2 packages in 689ms

found 0 vulnerabilities

[22:04:42.045] Updated types-registry npm package
[15:28:34.042] Got install request {"projectName":"/dev/null/inferredProject2*","fileNames":[],"compilerOptions":{"module":1,"target":3,"jsx":1,"allowJs":true,"allowSyntheticDefaultImports":true,"allowNonTsExtensions":true,"noEmitForJsFiles":true},"typeAcquisition":{"enable":true,"include":[],"exclude":[]},"unresolvedImports":[],"projectRootPath":"/home/troels/src/soil2/cdk/lib","kind":"discover"}
[15:28:34.066] Loaded safelist from types map file '/home/troels/.emacs.d/.cache/lsp/npm/typescript/lib/node_modules/typescript/lib/typesMap.json'
[15:28:34.066] Explicitly included types: []
[15:28:34.067] Inferred typings from unresolved imports: []
[15:28:34.067] Result: {"cachedTypingPaths":[],"newTypingNames":[],"filesToWatch":["/home/troels/src/soil2/cdk/lib/bower_components","/home/troels/src/soil2/cdk/lib/node_modules"]}
[15:28:34.067] Finished typings discovery: {"cachedTypingPaths":[],"newTypingNames":[],"filesToWatch":["/home/troels/src/soil2/cdk/lib/bower_components","/home/troels/src/soil2/cdk/lib/node_modules"]}
[15:28:34.067] DirectoryWatcher:: Added:: WatchInfo: /home/troels/src/soil2/cdk/lib/bower_components
[15:28:34.067] DirectoryWatcher:: Added:: WatchInfo: /home/troels/src/soil2/cdk/lib/bower_components 1 undefined Project: /dev/null/inferredProject2* watcher already invoked: false
[15:28:34.068] Elapsed:: 0.9535280019044876ms DirectoryWatcher:: Added:: WatchInfo: /home/troels/src/soil2/cdk/lib/bower_components 1 undefined Project: /dev/null/inferredProject2* watcher already invoked: false
[15:28:34.068] DirectoryWatcher:: Added:: WatchInfo: /home/troels/src/soil2/cdk/lib/node_modules
[15:28:34.068] DirectoryWatcher:: Added:: WatchInfo: /home/troels/src/soil2/cdk/lib/node_modules 1 undefined Project: /dev/null/inferredProject2* watcher already invoked: false
[15:28:34.068] Elapsed:: 0.09026800096035004ms DirectoryWatcher:: Added:: WatchInfo: /home/troels/src/soil2/cdk/lib/node_modules 1 undefined Project: /dev/null/inferredProject2* watcher already invoked: false
[15:28:34.068] Sending response:
    {"projectName":"/dev/null/inferredProject2*","typeAcquisition":{"enable":true,"include":[],"exclude":[]},"compilerOptions":{"module":1,"target":3,"jsx":1,"allowJs":true,"allowSyntheticDefaultImports":true,"allowNonTsExtensions":true,"noEmitForJsFiles":true},"typings":[],"unresolvedImports":[],"kind":"action::set"}
[15:28:34.069] Response has been sent.
[15:28:34.069] No new typings were requested as a result of typings discovery
